samples/RPSSample/build/outputs/logs/manifest-merger-debug-report.txt
-- Merging decision tree log ---
manifest
ADDED from samples\RPSSample\AndroidManifest.xml:22:1-78:12
	package
		ADDED from samples\RPSSample\AndroidManifest.xml:23:5-30
		INJECTED from samples\RPSSample\AndroidManifest.xml
		INJECTED from samples\RPSSample\AndroidManifest.xml
	android:versionName
		ADDED from samples\RPSSample\AndroidManifest.xml:25:5-30
		INJECTED from samples\RPSSample\AndroidManifest.xml
		INJECTED from samples\RPSSample\AndroidManifest.xml
	android:versionCode
		ADDED from samples\RPSSample\AndroidManifest.xml:24:5-28
		INJECTED from samples\RPSSample\AndroidManifest.xml
		INJECTED from samples\RPSSample\AndroidManifest.xml
	xmlns:android
		ADDED from samples\RPSSample\AndroidManifest.xml:22:11-69
uses-permission#android.permission.INTERNET
ADDED from samples\RPSSample\AndroidManifest.xml:27:5-67
	android:name
		ADDED from samples\RPSSample\AndroidManifest.xml:27:22-64
uses-permission#android.permission.WRITE_EXTERNAL_STORAGE
ADDED from samples\RPSSample\AndroidManifest.xml:28:5-81
	android:name
		ADDED from samples\RPSSample\AndroidManifest.xml:28:22-78
application
ADDED from samples\RPSSample\AndroidManifest.xml:30:5-77:19
MERGED from [com.facebook.android:facebook:4.20.0] AndroidManifest.xml:28:5-48:19
MERGED from [com.android.support:support-v4:25.0.0] AndroidManifest.xml:25:5-20
MERGED from [com.android.support:support-compat:25.0.0] AndroidManifest.xml:25:5-20
MERGED from [com.android.support:support-media-compat:25.0.0] AndroidManifest.xml:25:5-20
MERGED from [com.android.support:support-compat:25.0.0] AndroidManifest.xml:25:5-20
MERGED from [com.android.support:support-core-utils:25.0.0] AndroidManifest.xml:25:5-20
MERGED from [com.android.support:support-compat:25.0.0] AndroidManifest.xml:25:5-20
MERGED from [com.android.support:support-core-ui:25.0.0] AndroidManifest.xml:25:5-20
MERGED from [com.android.support:support-compat:25.0.0] AndroidManifest.xml:25:5-20
MERGED from [com.android.support:support-fragment:25.0.0] AndroidManifest.xml:25:5-20
MERGED from [com.android.support:support-compat:25.0.0] AndroidManifest.xml:25:5-20
MERGED from [com.android.support:support-media-compat:25.0.0] AndroidManifest.xml:25:5-20
MERGED from [com.android.support:support-compat:25.0.0] AndroidManifest.xml:25:5-20
MERGED from [com.android.support:support-core-ui:25.0.0] AndroidManifest.xml:25:5-20
MERGED from [com.android.support:support-compat:25.0.0] AndroidManifest.xml:25:5-20
MERGED from [com.android.support:support-core-utils:25.0.0] AndroidManifest.xml:25:5-20
MERGED from [com.android.support:support-compat:25.0.0] AndroidManifest.xml:25:5-20
MERGED from [com.android.support:appcompat-v7:25.0.0] AndroidManifest.xml:25:5-20
MERGED from [com.android.support:support-v4:25.0.0] AndroidManifest.xml:25:5-20
MERGED from [com.android.support:support-compat:25.0.0] AndroidManifest.xml:25:5-20
MERGED from [com.android.support:support-media-compat:25.0.0] AndroidManifest.xml:25:5-20
MERGED from [com.android.support:support-compat:25.0.0] AndroidManifest.xml:25:5-20
MERGED from [com.android.support:support-core-utils:25.0.0] AndroidManifest.xml:25:5-20
MERGED from [com.android.support:support-compat:25.0.0] AndroidManifest.xml:25:5-20
MERGED from [com.android.support:support-core-ui:25.0.0] AndroidManifest.xml:25:5-20
MERGED from [com.android.support:support-compat:25.0.0] AndroidManifest.xml:25:5-20
MERGED from [com.android.support:support-fragment:25.0.0] AndroidManifest.xml:25:5-20
MERGED from [com.android.support:support-compat:25.0.0] AndroidManifest.xml:25:5-20
MERGED from [com.android.support:support-media-compat:25.0.0] AndroidManifest.xml:25:5-20
MERGED from [com.android.support:support-compat:25.0.0] AndroidManifest.xml:25:5-20
MERGED from [com.android.support:support-core-ui:25.0.0] AndroidManifest.xml:25:5-20
MERGED from [com.android.support:support-compat:25.0.0] AndroidManifest.xml:25:5-20
MERGED from [com.android.support:support-core-utils:25.0.0] AndroidManifest.xml:25:5-20
MERGED from [com.android.support:support-compat:25.0.0] AndroidManifest.xml:25:5-20
MERGED from [com.android.support:support-vector-drawable:25.0.0] AndroidManifest.xml:23:5-20
MERGED from [com.android.support:support-compat:25.0.0] AndroidManifest.xml:25:5-20
MERGED from [com.android.support:animated-vector-drawable:25.0.0] AndroidManifest.xml:22:5-20
MERGED from [com.android.support:support-vector-drawable:25.0.0] AndroidManifest.xml:23:5-20
MERGED from [com.android.support:support-compat:25.0.0] AndroidManifest.xml:25:5-20
MERGED from [com.android.support:cardview-v7:25.0.0] AndroidManifest.xml:22:5-20
MERGED from [com.android.support:customtabs:25.0.0] AndroidManifest.xml:22:5-20
MERGED from [com.android.support:support-compat:25.0.0] AndroidManifest.xml:25:5-20
	android:label
		ADDED from samples\RPSSample\AndroidManifest.xml:32:9-41
	android:icon
		ADDED from samples\RPSSample\AndroidManifest.xml:31:9-38
	android:theme
		ADDED from samples\RPSSample\AndroidManifest.xml:33:9-56
activity#com.example.rps.MainActivity
ADDED from samples\RPSSample\AndroidManifest.xml:34:9-53:20
	android:screenOrientation
		ADDED from samples\RPSSample\AndroidManifest.xml:37:13-49
	android:label
		ADDED from samples\RPSSample\AndroidManifest.xml:36:13-45
	android:windowSoftInputMode
		ADDED from samples\RPSSample\AndroidManifest.xml:38:13-55
	android:name
		ADDED from samples\RPSSample\AndroidManifest.xml:35:13-56
intent-filter#android.intent.action.MAIN+android.intent.category.LAUNCHER
ADDED from samples\RPSSample\AndroidManifest.xml:39:13-42:29
action#android.intent.action.MAIN
ADDED from samples\RPSSample\AndroidManifest.xml:40:17-69
	android:name
		ADDED from samples\RPSSample\AndroidManifest.xml:40:25-66
category#android.intent.category.LAUNCHER
ADDED from samples\RPSSample\AndroidManifest.xml:41:17-77
	android:name
		ADDED from samples\RPSSample\AndroidManifest.xml:41:27-74
intent-filter#android.intent.action.VIEW+android.intent.category.BROWSABLE+android.intent.category.DEFAULT
ADDED from samples\RPSSample\AndroidManifest.xml:43:13-52:29
action#android.intent.action.VIEW
ADDED from samples\RPSSample\AndroidManifest.xml:44:17-69
	android:name
		ADDED from samples\RPSSample\AndroidManifest.xml:44:25-66
category#android.intent.category.DEFAULT
ADDED from samples\RPSSample\AndroidManifest.xml:46:17-76
	android:name
		ADDED from samples\RPSSample\AndroidManifest.xml:46:27-73
category#android.intent.category.BROWSABLE
ADDED from samples\RPSSample\AndroidManifest.xml:47:17-78
	android:name
		ADDED from samples\RPSSample\AndroidManifest.xml:47:27-75
data
ADDED from samples\RPSSample\AndroidManifest.xml:49:17-51:46
	android:host
		ADDED from samples\RPSSample\AndroidManifest.xml:50:21-41
	android:scheme
		ADDED from samples\RPSSample\AndroidManifest.xml:51:21-43
activity#com.facebook.CustomTabActivity
ADDED from samples\RPSSample\AndroidManifest.xml:54:9-64:20
	android:name
		ADDED from samples\RPSSample\AndroidManifest.xml:55:13-58
meta-data#com.facebook.sdk.ApplicationId
ADDED from samples\RPSSample\AndroidManifest.xml:66:9-68:46
	android:value
		ADDED from samples\RPSSample\AndroidManifest.xml:68:13-43
	android:name
		ADDED from samples\RPSSample\AndroidManifest.xml:67:13-58
meta-data#com.facebook.sdk.ApplicationName
ADDED from samples\RPSSample\AndroidManifest.xml:69:9-71:57
	android:value
		ADDED from samples\RPSSample\AndroidManifest.xml:71:13-54
	android:name
		ADDED from samples\RPSSample\AndroidManifest.xml:70:13-60
provider#com.facebook.FacebookContentProvider
ADDED from samples\RPSSample\AndroidManifest.xml:73:9-76:39
	android:authorities
		ADDED from samples\RPSSample\AndroidManifest.xml:75:13-90
	android:exported
		ADDED from samples\RPSSample\AndroidManifest.xml:76:13-36
	android:name
		ADDED from samples\RPSSample\AndroidManifest.xml:74:13-64
uses-sdk
INJECTED from samples\RPSSample\AndroidManifest.xml reason: use-sdk injection requested
MERGED from [com.facebook.android:facebook:4.20.0] AndroidManifest.xml:24:5-26:41
MERGED from [com.android.support:support-v4:25.0.0] AndroidManifest.xml:21:5-23:54
MERGED from [com.android.support:support-compat:25.0.0] AndroidManifest.xml:21:5-23:58
MERGED from [com.android.support:support-media-compat:25.0.0] AndroidManifest.xml:21:5-23:63
MERGED from [com.android.support:support-compat:25.0.0] AndroidManifest.xml:21:5-23:58
MERGED from [com.android.support:support-core-utils:25.0.0] AndroidManifest.xml:21:5-23:61
MERGED from [com.android.support:support-compat:25.0.0] AndroidManifest.xml:21:5-23:58
MERGED from [com.android.support:support-core-ui:25.0.0] AndroidManifest.xml:21:5-23:58
MERGED from [com.android.support:support-compat:25.0.0] AndroidManifest.xml:21:5-23:58
MERGED from [com.android.support:support-fragment:25.0.0] AndroidManifest.xml:21:5-23:60
MERGED from [com.android.support:support-compat:25.0.0] AndroidManifest.xml:21:5-23:58
MERGED from [com.android.support:support-media-compat:25.0.0] AndroidManifest.xml:21:5-23:63
MERGED from [com.android.support:support-compat:25.0.0] AndroidManifest.xml:21:5-23:58
MERGED from [com.android.support:support-core-ui:25.0.0] AndroidManifest.xml:21:5-23:58
MERGED from [com.android.support:support-compat:25.0.0] AndroidManifest.xml:21:5-23:58
MERGED from [com.android.support:support-core-utils:25.0.0] AndroidManifest.xml:21:5-23:61
MERGED from [com.android.support:support-compat:25.0.0] AndroidManifest.xml:21:5-23:58
MERGED from [com.android.support:appcompat-v7:25.0.0] AndroidManifest.xml:21:5-23:78
MERGED from [com.android.support:support-v4:25.0.0] AndroidManifest.xml:21:5-23:54
MERGED from [com.android.support:support-compat:25.0.0] AndroidManifest.xml:21:5-23:58
MERGED from [com.android.support:support-media-compat:25.0.0] AndroidManifest.xml:21:5-23:63
MERGED from [com.android.support:support-compat:25.0.0] AndroidManifest.xml:21:5-23:58
MERGED from [com.android.support:support-core-utils:25.0.0] AndroidManifest.xml:21:5-23:61
MERGED from [com.android.support:support-compat:25.0.0] AndroidManifest.xml:21:5-23:58
MERGED from [com.android.support:support-core-ui:25.0.0] AndroidManifest.xml:21:5-23:58
MERGED from [com.android.support:support-compat:25.0.0] AndroidManifest.xml:21:5-23:58
MERGED from [com.android.support:support-fragment:25.0.0] AndroidManifest.xml:21:5-23:60
MERGED from [com.android.support:support-compat:25.0.0] AndroidManifest.xml:21:5-23:58
MERGED from [com.android.support:support-media-compat:25.0.0] AndroidManifest.xml:21:5-23:63
MERGED from [com.android.support:support-compat:25.0.0] AndroidManifest.xml:21:5-23:58
MERGED from [com.android.support:support-core-ui:25.0.0] AndroidManifest.xml:21:5-23:58
MERGED from [com.android.support:support-compat:25.0.0] AndroidManifest.xml:21:5-23:58
MERGED from [com.android.support:support-core-utils:25.0.0] AndroidManifest.xml:21:5-23:61
MERGED from [com.android.support:support-compat:25.0.0] AndroidManifest.xml:21:5-23:58
MERGED from [com.android.support:support-vector-drawable:25.0.0] AndroidManifest.xml:21:5-43
MERGED from [com.android.support:support-compat:25.0.0] AndroidManifest.xml:21:5-23:58
MERGED from [com.android.support:animated-vector-drawable:25.0.0] AndroidManifest.xml:20:5-44
MERGED from [com.android.support:support-vector-drawable:25.0.0] AndroidManifest.xml:21:5-43
MERGED from [com.android.support:support-compat:25.0.0] AndroidManifest.xml:21:5-23:58
MERGED from [com.android.support:cardview-v7:25.0.0] AndroidManifest.xml:20:5-43
MERGED from [com.android.support:customtabs:25.0.0] AndroidManifest.xml:20:5-44
MERGED from [com.android.support:support-compat:25.0.0] AndroidManifest.xml:21:5-23:58
	tools:overrideLibrary
		ADDED from [com.android.support:support-v4:25.0.0] AndroidManifest.xml:23:9-51
	android:targetSdkVersion
		INJECTED from samples\RPSSample\AndroidManifest.xml
		INJECTED from samples\RPSSample\AndroidManifest.xml
	android:minSdkVersion
		INJECTED from samples\RPSSample\AndroidManifest.xml
		INJECTED from samples\RPSSample\AndroidManifest.xml
activity#com.facebook.FacebookActivity
ADDED from [com.facebook.android:facebook:4.20.0] AndroidManifest.xml:29:9-32:66
	android:configChanges
		ADDED from [com.facebook.android:facebook:4.20.0] AndroidManifest.xml:31:13-96
	android:theme
		ADDED from [com.facebook.android:facebook:4.20.0] AndroidManifest.xml:32:13-63
	android:name
		ADDED from [com.facebook.android:facebook:4.20.0] AndroidManifest.xml:30:13-57
activity#com.facebook.CustomTabMainActivity
ADDED from [com.facebook.android:facebook:4.20.0] AndroidManifest.xml:33:9-71
	android:name
		ADDED from [com.facebook.android:facebook:4.20.0] AndroidManifest.xml:33:19-68
provider#com.facebook.internal.FacebookInitProvider
ADDED from [com.facebook.android:facebook:4.20.0] AndroidManifest.xml:44:9-47:40
	android:authorities
		ADDED from [com.facebook.android:facebook:4.20.0] AndroidManifest.xml:46:13-72
	android:exported
		ADDED from [com.facebook.android:facebook:4.20.0] AndroidManifest.xml:47:13-37
	android:name
		ADDED from [com.facebook.android:facebook:4.20.0] AndroidManifest.xml:45:13-70